  Application.cpp
  Color.cpp
  glmath.cpp
E:\TheBulletRace\Handout 5 BulletRace\glmath.cpp(12,13): warning C4244: 'return': conversión de 'double' a 'float'; posible pérdida de datos
E:\TheBulletRace\Handout 5 BulletRace\glmath.cpp(27,17): warning C4244: 'argumento': conversión de 'double' a 'float'; posible pérdida de datos
E:\TheBulletRace\Handout 5 BulletRace\glmath.cpp(43,34): warning C4244: 'argumento': conversión de 'double' a 'float'; posible pérdida de datos
E:\TheBulletRace\Handout 5 BulletRace\glmath.cpp(53,10): warning C4244: 'inicializando': conversión de 'double' a 'float'; posible pérdida de datos
E:\TheBulletRace\Handout 5 BulletRace\glmath.cpp(53,26): warning C4244: 'inicializando': conversión de 'double' a 'float'; posible pérdida de datos
E:\TheBulletRace\Handout 5 BulletRace\glmath.cpp(72,13): warning C4244: 'return': conversión de 'double' a 'float'; posible pérdida de datos
E:\TheBulletRace\Handout 5 BulletRace\glmath.cpp(87,17): warning C4244: 'argumento': conversión de 'double' a 'float'; posible pérdida de datos
E:\TheBulletRace\Handout 5 BulletRace\glmath.cpp(103,34): warning C4244: 'argumento': conversión de 'double' a 'float'; posible pérdida de datos
E:\TheBulletRace\Handout 5 BulletRace\glmath.cpp(600,13): warning C4244: 'inicializando': conversión de 'double' a 'float'; posible pérdida de datos
E:\TheBulletRace\Handout 5 BulletRace\glmath.cpp(618,10): warning C4244: 'inicializando': conversión de 'double' a 'float'; posible pérdida de datos
E:\TheBulletRace\Handout 5 BulletRace\glmath.cpp(618,33): warning C4244: 'inicializando': conversión de 'double' a 'float'; posible pérdida de datos
E:\TheBulletRace\Handout 5 BulletRace\glmath.cpp(758,13): warning C4244: 'inicializando': conversión de 'double' a 'float'; posible pérdida de datos
E:\TheBulletRace\Handout 5 BulletRace\glmath.cpp(778,10): warning C4244: 'inicializando': conversión de 'double' a 'float'; posible pérdida de datos
E:\TheBulletRace\Handout 5 BulletRace\glmath.cpp(778,33): warning C4244: 'inicializando': conversión de 'double' a 'float'; posible pérdida de datos
  Light.cpp
  log.cpp
  Main.cpp
  ModuleAudio.cpp
  ModuleCamera3D.cpp
  ModuleInput.cpp
  ModulePhysics3D.cpp
  ModulePlayer.cpp
  ModuleRenderer3D.cpp
  ModuleSceneIntro.cpp
  ModuleWindow.cpp
  PhysBody3D.cpp
  PhysVehicle3D.cpp
  Primitive.cpp
  Timer.cpp
  Generando código...
LINK : fatal error LNK1104: no se puede abrir el archivo 'SDL_mixer/libx86/SDL2_mixer.lib'
